Started GET "/" for ::1 at 2017-03-20 23:49:39 +0900
Processing by Rails::WelcomeController#index as HTML
  Parameters: {"internal"=>true}
  Rendering /Users/naseokhyeon/.rvm/gems/ruby-2.4.0@global/gems/railties-5.0.2/lib/rails/templates/rails/welcome/index.html.erb
  Rendered /Users/naseokhyeon/.rvm/gems/ruby-2.4.0@global/gems/railties-5.0.2/lib/rails/templates/rails/welcome/index.html.erb (3.1ms)
Completed 200 OK in 18ms (Views: 7.5ms | ActiveRecord: 0.0ms)


Started GET "/" for 127.0.0.1 at 2017-03-25 16:43:25 +0900
Processing by Rails::WelcomeController#index as HTML
  Parameters: {"internal"=>true}
  Rendering /Users/naseokhyeon/.rvm/gems/ruby-2.2.4@global/gems/railties-5.0.2/lib/rails/templates/rails/welcome/index.html.erb
  Rendered /Users/naseokhyeon/.rvm/gems/ruby-2.2.4@global/gems/railties-5.0.2/lib/rails/templates/rails/welcome/index.html.erb (3.3ms)
Completed 200 OK in 20ms (Views: 8.5ms | ActiveRecord: 0.0ms)


Started GET "/" for 127.0.0.1 at 2017-03-25 17:14:24 +0900
Processing by Rails::WelcomeController#index as HTML
  Parameters: {"internal"=>true}
  Rendering /Users/naseokhyeon/.rvm/gems/ruby-2.2.4@global/gems/railties-5.0.2/lib/rails/templates/rails/welcome/index.html.erb
  Rendered /Users/naseokhyeon/.rvm/gems/ruby-2.2.4@global/gems/railties-5.0.2/lib/rails/templates/rails/welcome/index.html.erb (2.6ms)
Completed 200 OK in 7ms (Views: 4.8ms | ActiveRecord: 0.0ms)


Started GET "/" for 127.0.0.1 at 2017-03-25 17:26:51 +0900
Processing by WelcomeController#index as HTML
DEPRECATION WARNING: `render :text` is deprecated because it does not actually render a `text/plain` response. Switch to `render plain: 'plain text'` to render as `text/plain`, `render html: '<strong>HTML</strong>'` to render as `text/html`, or `render body: 'raw'` to match the deprecated behavior and render with the default Content-Type, which is `text/html`. (called from _normalize_render at /Users/naseokhyeon/.rvm/gems/ruby-2.2.4@global/gems/actionpack-5.0.2/lib/abstract_controller/rendering.rb:128)
  Rendering text template
  Rendered text template (0.0ms)
Completed 200 OK in 12ms (Views: 3.7ms | ActiveRecord: 0.0ms)


Started GET "/" for 127.0.0.1 at 2017-03-25 17:31:59 +0900
Processing by WelcomeController#index as HTML
DEPRECATION WARNING: `render :text` is deprecated because it does not actually render a `text/plain` response. Switch to `render plain: 'plain text'` to render as `text/plain`, `render html: '<strong>HTML</strong>'` to render as `text/html`, or `render body: 'raw'` to match the deprecated behavior and render with the default Content-Type, which is `text/html`. (called from _normalize_render at /Users/naseokhyeon/.rvm/gems/ruby-2.2.4@global/gems/actionpack-5.0.2/lib/abstract_controller/rendering.rb:128)
  Rendering text template
  Rendered text template (0.0ms)
Completed 200 OK in 1ms (Views: 0.5ms | ActiveRecord: 0.0ms)


Started GET "/" for 127.0.0.1 at 2017-03-25 17:37:42 +0900
Processing by WelcomeController#index as HTML
DEPRECATION WARNING: `render :text` is deprecated because it does not actually render a `text/plain` response. Switch to `render plain: 'plain text'` to render as `text/plain`, `render html: '<strong>HTML</strong>'` to render as `text/html`, or `render body: 'raw'` to match the deprecated behavior and render with the default Content-Type, which is `text/html`. (called from _normalize_render at /Users/naseokhyeon/.rvm/gems/ruby-2.2.4@global/gems/actionpack-5.0.2/lib/abstract_controller/rendering.rb:128)
  Rendering text template
  Rendered text template (0.0ms)
Completed 200 OK in 1ms (Views: 0.4ms | ActiveRecord: 0.0ms)


Started GET "/" for 127.0.0.1 at 2017-03-25 17:37:51 +0900
Processing by WelcomeController#index as HTML
DEPRECATION WARNING: `render :text` is deprecated because it does not actually render a `text/plain` response. Switch to `render plain: 'plain text'` to render as `text/plain`, `render html: '<strong>HTML</strong>'` to render as `text/html`, or `render body: 'raw'` to match the deprecated behavior and render with the default Content-Type, which is `text/html`. (called from _normalize_render at /Users/naseokhyeon/.rvm/gems/ruby-2.2.4@global/gems/actionpack-5.0.2/lib/abstract_controller/rendering.rb:128)
  Rendering text template
  Rendered text template (0.0ms)
Completed 200 OK in 1ms (Views: 0.5ms | ActiveRecord: 0.0ms)


Started GET "/welcome" for 127.0.0.1 at 2017-03-25 17:41:47 +0900
Processing by WelcomeController#index as HTML
DEPRECATION WARNING: `render :text` is deprecated because it does not actually render a `text/plain` response. Switch to `render plain: 'plain text'` to render as `text/plain`, `render html: '<strong>HTML</strong>'` to render as `text/html`, or `render body: 'raw'` to match the deprecated behavior and render with the default Content-Type, which is `text/html`. (called from _normalize_render at /Users/naseokhyeon/.rvm/gems/ruby-2.2.4@global/gems/actionpack-5.0.2/lib/abstract_controller/rendering.rb:128)
  Rendering text template
  Rendered text template (0.0ms)
Completed 200 OK in 12ms (Views: 3.6ms | ActiveRecord: 0.0ms)


Started GET "/welcomes" for 127.0.0.1 at 2017-03-25 17:41:51 +0900
  
ActionController::RoutingError (No route matches [GET] "/welcomes"):
  
actionpack (5.0.2) lib/action_dispatch/middleware/debug_exceptions.rb:53:in `call'
web-console (3.4.0) lib/web_console/middleware.rb:135:in `call_app'
web-console (3.4.0) lib/web_console/middleware.rb:28:in `block in call'
web-console (3.4.0) lib/web_console/middleware.rb:18:in `catch'
web-console (3.4.0) lib/web_console/middleware.rb:18:in `call'
actionpack (5.0.2) lib/action_dispatch/middleware/show_exceptions.rb:31:in `call'
railties (5.0.2) lib/rails/rack/logger.rb:36:in `call_app'
railties (5.0.2) lib/rails/rack/logger.rb:24:in `block in call'
activesupport (5.0.2) lib/active_support/tagged_logging.rb:69:in `block in tagged'
activesupport (5.0.2) lib/active_support/tagged_logging.rb:26:in `tagged'
activesupport (5.0.2) lib/active_support/tagged_logging.rb:69:in `tagged'
railties (5.0.2) lib/rails/rack/logger.rb:24:in `call'
sprockets-rails (3.2.0) lib/sprockets/rails/quiet_assets.rb:13:in `call'
actionpack (5.0.2) lib/action_dispatch/middleware/request_id.rb:24:in `call'
rack (2.0.1) lib/rack/method_override.rb:22:in `call'
rack (2.0.1) lib/rack/runtime.rb:22:in `call'
activesupport (5.0.2) lib/active_support/cache/strategy/local_cache_middleware.rb:28:in `call'
actionpack (5.0.2) lib/action_dispatch/middleware/executor.rb:12:in `call'
actionpack (5.0.2) lib/action_dispatch/middleware/static.rb:136:in `call'
rack (2.0.1) lib/rack/sendfile.rb:111:in `call'
railties (5.0.2) lib/rails/engine.rb:522:in `call'
puma (3.8.2) lib/puma/configuration.rb:224:in `call'
puma (3.8.2) lib/puma/server.rb:600:in `handle_request'
puma (3.8.2) lib/puma/server.rb:435:in `process_client'
puma (3.8.2) lib/puma/server.rb:299:in `block in run'
puma (3.8.2) lib/puma/thread_pool.rb:120:in `call'
puma (3.8.2) lib/puma/thread_pool.rb:120:in `block in spawn_thread'
  Rendering /Users/naseokhyeon/.rvm/gems/ruby-2.2.4@global/gems/actionpack-5.0.2/lib/action_dispatch/middleware/templates/rescues/routing_error.html.erb within rescues/layout
  Rendering /Users/naseokhyeon/.rvm/gems/ruby-2.2.4@global/gems/actionpack-5.0.2/lib/action_dispatch/middleware/templates/rescues/_trace.html.erb
  Rendered /Users/naseokhyeon/.rvm/gems/ruby-2.2.4@global/gems/actionpack-5.0.2/lib/action_dispatch/middleware/templates/rescues/_trace.html.erb (2.0ms)
  Rendered collection of /Users/naseokhyeon/.rvm/gems/ruby-2.2.4@global/gems/actionpack-5.0.2/lib/action_dispatch/middleware/templates/routes/_route.html.erb [8 times] (2.9ms)
  Rendered /Users/naseokhyeon/.rvm/gems/ruby-2.2.4@global/gems/actionpack-5.0.2/lib/action_dispatch/middleware/templates/routes/_table.html.erb (6.0ms)
  Rendering /Users/naseokhyeon/.rvm/gems/ruby-2.2.4@global/gems/actionpack-5.0.2/lib/action_dispatch/middleware/templates/rescues/_request_and_response.html.erb
  Rendered /Users/naseokhyeon/.rvm/gems/ruby-2.2.4@global/gems/actionpack-5.0.2/lib/action_dispatch/middleware/templates/rescues/_request_and_response.html.erb (0.9ms)
  Rendered /Users/naseokhyeon/.rvm/gems/ruby-2.2.4@global/gems/actionpack-5.0.2/lib/action_dispatch/middleware/templates/rescues/routing_error.html.erb within rescues/layout (105.1ms)
Started GET "/welcome" for 127.0.0.1 at 2017-03-25 17:42:02 +0900
Processing by WelcomeController#index as HTML
  Rendering welcome/index.html.erb within layouts/application
  Rendered welcome/index.html.erb within layouts/application (0.3ms)
Completed 200 OK in 555ms (Views: 552.8ms | ActiveRecord: 0.0ms)


Started GET "/welcome" for 127.0.0.1 at 2017-03-25 17:42:18 +0900
Processing by WelcomeController#index as HTML
  Rendering welcome/index.html.erb within layouts/application
  Rendered welcome/index.html.erb within layouts/application (0.3ms)
Completed 200 OK in 18ms (Views: 16.1ms | ActiveRecord: 0.0ms)


Started GET "/welcome" for 127.0.0.1 at 2017-03-25 17:42:27 +0900
Processing by WelcomeController#index as HTML
  Rendering welcome/index.html.erb within layouts/application
  Rendered welcome/index.html.erb within layouts/application (0.4ms)
Completed 200 OK in 18ms (Views: 16.6ms | ActiveRecord: 0.0ms)


  [1m[35m (1.3ms)[0m  [1m[35mCREATE TABLE "schema_migrations" ("version" varchar NOT NULL PRIMARY KEY)[0m
  [1m[35m (1.1ms)[0m  [1m[35mCREATE TABLE "ar_internal_metadata" ("key" varchar NOT NULL PRIMARY KEY, "value" varchar, "created_at" datetime NOT NULL, "updated_at" datetime NOT NULL)[0m
  [1m[36mActiveRecord::SchemaMigration Load (0.1ms)[0m  [1m[34mSELECT "schema_migrations".* FROM "schema_migrations"[0m
Migrating to CreateCrawlingProducts (20170423074119)
  [1m[35m (0.1ms)[0m  [1m[36mbegin transaction[0m
  [1m[35m (0.4ms)[0m  [1m[35mCREATE TABLE "crawling_products" ("id" INTEGER PRIMARY KEY AUTOINCREMENT NOT NULL, "product_name" varchar, "image_url" varchar, "cost" integer, "product_info" varchar, "created_at" datetime NOT NULL, "updated_at" datetime NOT NULL)[0m
  [1m[35mSQL (0.1ms)[0m  [1m[32mINSERT INTO "schema_migrations" ("version") VALUES (?)[0m  [["version", "20170423074119"]]
  [1m[35m (0.8ms)[0m  [1m[36mcommit transaction[0m
  [1m[36mActiveRecord::InternalMetadata Load (0.1ms)[0m  [1m[34mSELECT  "ar_internal_metadata".* FROM "ar_internal_metadata" WHERE "ar_internal_metadata"."key" = ? LIMIT ?[0m  [["key", :environment], ["LIMIT", 1]]
  [1m[35m (0.0ms)[0m  [1m[36mbegin transaction[0m
  [1m[35mSQL (0.2ms)[0m  [1m[32mINSERT INTO "ar_internal_metadata" ("key", "value", "created_at", "updated_at") VALUES (?, ?, ?, ?)[0m  [["key", "environment"], ["value", "development"], ["created_at", 2017-04-23 07:42:12 UTC], ["updated_at", 2017-04-23 07:42:12 UTC]]
  [1m[35m (0.8ms)[0m  [1m[36mcommit transaction[0m
  [1m[36mActiveRecord::SchemaMigration Load (0.1ms)[0m  [1m[34mSELECT "schema_migrations".* FROM "schema_migrations"[0m
Started GET "/crawling_products" for 127.0.0.1 at 2017-04-23 16:42:18 +0900
  [1m[36mActiveRecord::SchemaMigration Load (0.1ms)[0m  [1m[34mSELECT "schema_migrations".* FROM "schema_migrations"[0m
Processing by CrawlingProductsController#index as HTML
  Rendering crawling_products/index.html.erb within layouts/application
  [1m[36mCrawlingProduct Load (0.1ms)[0m  [1m[34mSELECT "crawling_products".* FROM "crawling_products"[0m
  Rendered crawling_products/index.html.erb within layouts/application (7.2ms)
Completed 200 OK in 430ms (Views: 416.5ms | ActiveRecord: 0.3ms)


Started GET "/crawling_products/new" for 127.0.0.1 at 2017-04-23 16:42:20 +0900
Processing by CrawlingProductsController#new as HTML
  Rendering crawling_products/new.html.erb within layouts/application
  Rendered crawling_products/_form.html.erb (20.5ms)
  Rendered crawling_products/new.html.erb within layouts/application (22.5ms)
Completed 200 OK in 48ms (Views: 39.0ms | ActiveRecord: 1.2ms)


Started GET "/crawling_products" for 127.0.0.1 at 2017-04-23 17:17:08 +0900
  [1m[36mActiveRecord::SchemaMigration Load (0.1ms)[0m  [1m[34mSELECT "schema_migrations".* FROM "schema_migrations"[0m
Processing by CrawlingProductsController#index as HTML
DEPRECATION WARNING: `render :text` is deprecated because it does not actually render a `text/plain` response. Switch to `render plain: 'plain text'` to render as `text/plain`, `render html: '<strong>HTML</strong>'` to render as `text/html`, or `render body: 'raw'` to match the deprecated behavior and render with the default Content-Type, which is `text/html`. (called from _normalize_render at /Users/naseokhyeon/.rvm/gems/ruby-2.2.4@global/gems/actionpack-5.0.2/lib/abstract_controller/rendering.rb:128)
  Rendering text template
  Rendered text template (0.0ms)
Completed 200 OK in 206ms (Views: 6.6ms | ActiveRecord: 0.0ms)


Started GET "/theme/pettopet/img/footer/kcp_img.jpg" for 127.0.0.1 at 2017-04-23 17:17:09 +0900
  
ActionController::RoutingError (No route matches [GET] "/theme/pettopet/img/footer/kcp_img.jpg"):
  
actionpack (5.0.2) lib/action_dispatch/middleware/debug_exceptions.rb:53:in `call'
web-console (3.4.0) lib/web_console/middleware.rb:135:in `call_app'
web-console (3.4.0) lib/web_console/middleware.rb:28:in `block in call'
web-console (3.4.0) lib/web_console/middleware.rb:18:in `catch'
web-console (3.4.0) lib/web_console/middleware.rb:18:in `call'
actionpack (5.0.2) lib/action_dispatch/middleware/show_exceptions.rb:31:in `call'
railties (5.0.2) lib/rails/rack/logger.rb:36:in `call_app'
railties (5.0.2) lib/rails/rack/logger.rb:24:in `block in call'
activesupport (5.0.2) lib/active_support/tagged_logging.rb:69:in `block in tagged'
activesupport (5.0.2) lib/active_support/tagged_logging.rb:26:in `tagged'
activesupport (5.0.2) lib/active_support/tagged_logging.rb:69:in `tagged'
railties (5.0.2) lib/rails/rack/logger.rb:24:in `call'
sprockets-rails (3.2.0) lib/sprockets/rails/quiet_assets.rb:13:in `call'
actionpack (5.0.2) lib/action_dispatch/middleware/request_id.rb:24:in `call'
rack (2.0.1) lib/rack/method_override.rb:22:in `call'
rack (2.0.1) lib/rack/runtime.rb:22:in `call'
activesupport (5.0.2) lib/active_support/cache/strategy/local_cache_middleware.rb:28:in `call'
actionpack (5.0.2) lib/action_dispatch/middleware/executor.rb:12:in `call'
actionpack (5.0.2) lib/action_dispatch/middleware/static.rb:136:in `call'
rack (2.0.1) lib/rack/sendfile.rb:111:in `call'
railties (5.0.2) lib/rails/engine.rb:522:in `call'
puma (3.8.2) lib/puma/configuration.rb:224:in `call'
puma (3.8.2) lib/puma/server.rb:600:in `handle_request'
puma (3.8.2) lib/puma/server.rb:435:in `process_client'
puma (3.8.2) lib/puma/server.rb:299:in `block in run'
puma (3.8.2) lib/puma/thread_pool.rb:120:in `call'
puma (3.8.2) lib/puma/thread_pool.rb:120:in `block in spawn_thread'
  Rendering /Users/naseokhyeon/.rvm/gems/ruby-2.2.4@global/gems/actionpack-5.0.2/lib/action_dispatch/middleware/templates/rescues/routing_error.html.erb within rescues/layout
  Rendering /Users/naseokhyeon/.rvm/gems/ruby-2.2.4@global/gems/actionpack-5.0.2/lib/action_dispatch/middleware/templates/rescues/_trace.html.erb
  Rendered /Users/naseokhyeon/.rvm/gems/ruby-2.2.4@global/gems/actionpack-5.0.2/lib/action_dispatch/middleware/templates/rescues/_trace.html.erb (1.8ms)
  Rendered collection of /Users/naseokhyeon/.rvm/gems/ruby-2.2.4@global/gems/actionpack-5.0.2/lib/action_dispatch/middleware/templates/routes/_route.html.erb [16 times] (5.9ms)
  Rendered /Users/naseokhyeon/.rvm/gems/ruby-2.2.4@global/gems/actionpack-5.0.2/lib/action_dispatch/middleware/templates/routes/_table.html.erb (8.5ms)
  Rendering /Users/naseokhyeon/.rvm/gems/ruby-2.2.4@global/gems/actionpack-5.0.2/lib/action_dispatch/middleware/templates/rescues/_request_and_response.html.erb
  Rendered /Users/naseokhyeon/.rvm/gems/ruby-2.2.4@global/gems/actionpack-5.0.2/lib/action_dispatch/middleware/templates/rescues/_request_and_response.html.erb (1.4ms)
  Rendered /Users/naseokhyeon/.rvm/gems/ruby-2.2.4@global/gems/actionpack-5.0.2/lib/action_dispatch/middleware/templates/rescues/routing_error.html.erb within rescues/layout (133.5ms)
Started GET "/crawling_products" for 127.0.0.1 at 2017-04-23 17:17:42 +0900
Processing by CrawlingProductsController#index as HTML
Completed 200 OK in 211ms (Views: 0.2ms | ActiveRecord: 0.0ms)


  [1m[35m (2.3ms)[0m  [1m[35mCREATE TABLE "schema_migrations" ("version" varchar NOT NULL PRIMARY KEY)[0m
  [1m[35m (1.2ms)[0m  [1m[35mCREATE TABLE "ar_internal_metadata" ("key" varchar NOT NULL PRIMARY KEY, "value" varchar, "created_at" datetime NOT NULL, "updated_at" datetime NOT NULL)[0m
  [1m[36mActiveRecord::SchemaMigration Load (0.1ms)[0m  [1m[34mSELECT "schema_migrations".* FROM "schema_migrations"[0m
Migrating to CreateCrawlingProducts (20170423074119)
  [1m[35m (0.1ms)[0m  [1m[36mbegin transaction[0m
  [1m[35m (0.4ms)[0m  [1m[35mCREATE TABLE "crawling_products" ("id" INTEGER PRIMARY KEY AUTOINCREMENT NOT NULL, "product_url" varchar, "product_name" varchar, "image_url" varchar, "cost" integer, "product_info" varchar, "created_at" datetime NOT NULL, "updated_at" datetime NOT NULL)[0m
  [1m[35mSQL (0.1ms)[0m  [1m[32mINSERT INTO "schema_migrations" ("version") VALUES (?)[0m  [["version", "20170423074119"]]
  [1m[35m (0.9ms)[0m  [1m[36mcommit transaction[0m
  [1m[36mActiveRecord::InternalMetadata Load (0.1ms)[0m  [1m[34mSELECT  "ar_internal_metadata".* FROM "ar_internal_metadata" WHERE "ar_internal_metadata"."key" = ? LIMIT ?[0m  [["key", :environment], ["LIMIT", 1]]
  [1m[35m (0.0ms)[0m  [1m[36mbegin transaction[0m
  [1m[35mSQL (0.5ms)[0m  [1m[32mINSERT INTO "ar_internal_metadata" ("key", "value", "created_at", "updated_at") VALUES (?, ?, ?, ?)[0m  [["key", "environment"], ["value", "development"], ["created_at", 2017-04-23 08:56:15 UTC], ["updated_at", 2017-04-23 08:56:15 UTC]]
  [1m[35m (0.6ms)[0m  [1m[36mcommit transaction[0m
  [1m[36mActiveRecord::SchemaMigration Load (0.1ms)[0m  [1m[34mSELECT "schema_migrations".* FROM "schema_migrations"[0m
Started GET "/crawling_products" for 127.0.0.1 at 2017-04-23 17:59:56 +0900
  [1m[36mActiveRecord::SchemaMigration Load (0.2ms)[0m  [1m[34mSELECT "schema_migrations".* FROM "schema_migrations"[0m
Processing by CrawlingProductsController#index as HTML
  Rendering crawling_products/index.html.erb within layouts/application
  [1m[36mCrawlingProduct Load (0.2ms)[0m  [1m[34mSELECT "crawling_products".* FROM "crawling_products"[0m
  Rendered crawling_products/index.html.erb within layouts/application (5.7ms)
Completed 200 OK in 277ms (Views: 264.0ms | ActiveRecord: 0.4ms)


Started GET "/crawling_products/new" for 127.0.0.1 at 2017-04-23 17:59:59 +0900
Processing by CrawlingProductsController#new as HTML
  Rendering crawling_products/new.html.erb within layouts/application
  Rendered crawling_products/_form.html.erb (15.9ms)
  Rendered crawling_products/new.html.erb within layouts/application (17.7ms)
Completed 200 OK in 46ms (Views: 38.3ms | ActiveRecord: 0.5ms)


  [1m[35m (0.1ms)[0m  [1m[36mbegin transaction[0m
  [1m[35mSQL (0.5ms)[0m  [1m[32mINSERT INTO "crawling_products" ("product_url", "product_name", "image_url", "product_info", "created_at", "updated_at") VALUES (?, ?, ?, ?, ?, ?)[0m  [["product_url", "http://pettopet.co.kr/shop/page_move.php?it_id=1482132331"], ["product_name", "아페토 도넛방석"], ["image_url", "http://pettopet.co.kr/data/item/1482132331/thumb-thumbitem_330x350.jpg"], ["product_info", "누우면 떡실신 전설의 국민방석!"], ["created_at", 2017-04-23 09:01:51 UTC], ["updated_at", 2017-04-23 09:01:51 UTC]]
  [1m[35m (1.5ms)[0m  [1m[36mcommit transaction[0m
  [1m[35m (0.1ms)[0m  [1m[36mbegin transaction[0m
  [1m[35mSQL (0.3ms)[0m  [1m[32mINSERT INTO "crawling_products" ("product_url", "product_name", "image_url", "product_info", "created_at", "updated_at") VALUES (?, ?, ?, ?, ?, ?)[0m  [["product_url", "http://pettopet.co.kr/shop/page_move.php?it_id=1481699159"], ["product_name", "데이스포 아이즈리뉴"], ["image_url", "http://pettopet.co.kr/data/item/1481699159/thumb-thumbitem_330x350.jpg"], ["product_info", "이제 눈물은 그만! 눈물자국 영양제 베스트셀러"], ["created_at", 2017-04-23 09:01:51 UTC], ["updated_at", 2017-04-23 09:01:51 UTC]]
  [1m[35m (0.7ms)[0m  [1m[36mcommit transaction[0m
Started GET "/crawling_products" for 127.0.0.1 at 2017-04-23 18:01:54 +0900
Processing by CrawlingProductsController#index as HTML
  Rendering crawling_products/index.html.erb within layouts/application
  [1m[36mCrawlingProduct Load (0.5ms)[0m  [1m[34mSELECT "crawling_products".* FROM "crawling_products"[0m
  Rendered crawling_products/index.html.erb within layouts/application (10.6ms)
Completed 200 OK in 32ms (Views: 27.5ms | ActiveRecord: 1.2ms)


  [1m[35m (2.0ms)[0m  [1m[35mCREATE TABLE "schema_migrations" ("version" varchar NOT NULL PRIMARY KEY)[0m
  [1m[35m (1.0ms)[0m  [1m[35mCREATE TABLE "ar_internal_metadata" ("key" varchar NOT NULL PRIMARY KEY, "value" varchar, "created_at" datetime NOT NULL, "updated_at" datetime NOT NULL)[0m
  [1m[36mActiveRecord::SchemaMigration Load (0.1ms)[0m  [1m[34mSELECT "schema_migrations".* FROM "schema_migrations"[0m
Migrating to CreateCrawlingProducts (20170423074119)
  [1m[35m (0.0ms)[0m  [1m[36mbegin transaction[0m
  [1m[35m (0.3ms)[0m  [1m[35mCREATE TABLE "crawling_products" ("id" INTEGER PRIMARY KEY AUTOINCREMENT NOT NULL, "product_url" varchar, "product_name" varchar, "image_url" varchar, "cost" varchar, "product_info" varchar, "created_at" datetime NOT NULL, "updated_at" datetime NOT NULL)[0m
  [1m[35mSQL (0.1ms)[0m  [1m[32mINSERT INTO "schema_migrations" ("version") VALUES (?)[0m  [["version", "20170423074119"]]
  [1m[35m (0.7ms)[0m  [1m[36mcommit transaction[0m
  [1m[36mActiveRecord::InternalMetadata Load (0.1ms)[0m  [1m[34mSELECT  "ar_internal_metadata".* FROM "ar_internal_metadata" WHERE "ar_internal_metadata"."key" = ? LIMIT ?[0m  [["key", :environment], ["LIMIT", 1]]
  [1m[35m (0.0ms)[0m  [1m[36mbegin transaction[0m
  [1m[35mSQL (0.2ms)[0m  [1m[32mINSERT INTO "ar_internal_metadata" ("key", "value", "created_at", "updated_at") VALUES (?, ?, ?, ?)[0m  [["key", "environment"], ["value", "development"], ["created_at", 2017-04-23 09:06:36 UTC], ["updated_at", 2017-04-23 09:06:36 UTC]]
  [1m[35m (0.8ms)[0m  [1m[36mcommit transaction[0m
  [1m[36mActiveRecord::SchemaMigration Load (0.1ms)[0m  [1m[34mSELECT "schema_migrations".* FROM "schema_migrations"[0m
  [1m[35m (0.1ms)[0m  [1m[36mbegin transaction[0m
  [1m[35mSQL (0.4ms)[0m  [1m[32mINSERT INTO "crawling_products" ("product_url", "product_name", "image_url", "cost", "product_info", "created_at", "updated_at") VALUES (?, ?, ?, ?, ?, ?, ?)[0m  [["product_url", "http://pettopet.co.kr/shop/page_move.php?it_id=1482132331"], ["product_name", "아페토 도넛방석"], ["image_url", "http://pettopet.co.kr/data/item/1482132331/thumb-thumbitem_330x350.jpg"], ["cost", "26,250"], ["product_info", "누우면 떡실신 전설의 국민방석!"], ["created_at", 2017-04-23 09:07:30 UTC], ["updated_at", 2017-04-23 09:07:30 UTC]]
  [1m[35m (1.9ms)[0m  [1m[36mcommit transaction[0m
  [1m[35m (0.1ms)[0m  [1m[36mbegin transaction[0m
  [1m[35mSQL (0.4ms)[0m  [1m[32mINSERT INTO "crawling_products" ("product_url", "product_name", "image_url", "cost", "product_info", "created_at", "updated_at") VALUES (?, ?, ?, ?, ?, ?, ?)[0m  [["product_url", "http://pettopet.co.kr/shop/page_move.php?it_id=1481699159"], ["product_name", "데이스포 아이즈리뉴"], ["image_url", "http://pettopet.co.kr/data/item/1481699159/thumb-thumbitem_330x350.jpg"], ["cost", "16,500"], ["product_info", "이제 눈물은 그만! 눈물자국 영양제 베스트셀러"], ["created_at", 2017-04-23 09:07:30 UTC], ["updated_at", 2017-04-23 09:07:30 UTC]]
  [1m[35m (0.8ms)[0m  [1m[36mcommit transaction[0m
Started GET "/crawling_products" for 127.0.0.1 at 2017-04-23 18:07:33 +0900
  [1m[36mActiveRecord::SchemaMigration Load (0.1ms)[0m  [1m[34mSELECT "schema_migrations".* FROM "schema_migrations"[0m
Processing by CrawlingProductsController#index as HTML
  Rendering crawling_products/index.html.erb within layouts/application
  [1m[36mCrawlingProduct Load (0.1ms)[0m  [1m[34mSELECT "crawling_products".* FROM "crawling_products"[0m
  Rendered crawling_products/index.html.erb within layouts/application (6.8ms)
Completed 200 OK in 28ms (Views: 23.9ms | ActiveRecord: 0.6ms)


Started GET "/crawling_products/1" for 127.0.0.1 at 2017-04-23 18:07:37 +0900
Processing by CrawlingProductsController#show as HTML
  Parameters: {"id"=>"1"}
  [1m[36mCrawlingProduct Load (0.2ms)[0m  [1m[34mSELECT  "crawling_products".* FROM "crawling_products" WHERE "crawling_products"."id" = ? LIMIT ?[0m  [["id", 1], ["LIMIT", 1]]
  Rendering crawling_products/show.html.erb within layouts/application
  Rendered crawling_products/show.html.erb within layouts/application (0.8ms)
Completed 200 OK in 25ms (Views: 18.5ms | ActiveRecord: 0.2ms)


Started GET "/crawling_products/1/edit" for 127.0.0.1 at 2017-04-23 18:07:39 +0900
Processing by CrawlingProductsController#edit as HTML
  Parameters: {"id"=>"1"}
  [1m[36mCrawlingProduct Load (0.2ms)[0m  [1m[34mSELECT  "crawling_products".* FROM "crawling_products" WHERE "crawling_products"."id" = ? LIMIT ?[0m  [["id", 1], ["LIMIT", 1]]
  Rendering crawling_products/edit.html.erb within layouts/application
  Rendered crawling_products/_form.html.erb (3.4ms)
  Rendered crawling_products/edit.html.erb within layouts/application (5.3ms)
Completed 200 OK in 54ms (Views: 49.9ms | ActiveRecord: 0.2ms)


  [1m[35m (0.0ms)[0m  [1m[36mbegin transaction[0m
  [1m[35mSQL (0.3ms)[0m  [1m[32mINSERT INTO "crawling_products" ("product_url", "product_name", "image_url", "cost", "product_info", "created_at", "updated_at") VALUES (?, ?, ?, ?, ?, ?, ?)[0m  [["product_url", "http://pettopet.co.kr/shop/page_move.php?it_id=1482132331"], ["product_name", "아페토 도넛방석"], ["image_url", "http://pettopet.co.kr/data/item/1482132331/thumb-thumbitem_330x350.jpg"], ["cost", "26,250"], ["product_info", "누우면 떡실신 전설의 국민방석!"], ["created_at", 2017-04-23 09:08:28 UTC], ["updated_at", 2017-04-23 09:08:28 UTC]]
  [1m[35m (1.7ms)[0m  [1m[36mcommit transaction[0m
  [1m[35m (0.1ms)[0m  [1m[36mbegin transaction[0m
  [1m[35mSQL (0.4ms)[0m  [1m[32mINSERT INTO "crawling_products" ("product_url", "product_name", "image_url", "cost", "product_info", "created_at", "updated_at") VALUES (?, ?, ?, ?, ?, ?, ?)[0m  [["product_url", "http://pettopet.co.kr/shop/page_move.php?it_id=1481699159"], ["product_name", "데이스포 아이즈리뉴"], ["image_url", "http://pettopet.co.kr/data/item/1481699159/thumb-thumbitem_330x350.jpg"], ["cost", "16,500"], ["product_info", "이제 눈물은 그만! 눈물자국 영양제 베스트셀러"], ["created_at", 2017-04-23 09:08:28 UTC], ["updated_at", 2017-04-23 09:08:28 UTC]]
  [1m[35m (1.1ms)[0m  [1m[36mcommit transaction[0m
Started GET "/crawling_products" for 127.0.0.1 at 2017-04-23 18:08:31 +0900
Processing by CrawlingProductsController#index as HTML
  Rendering crawling_products/index.html.erb within layouts/application
  [1m[36mCrawlingProduct Load (0.5ms)[0m  [1m[34mSELECT "crawling_products".* FROM "crawling_products"[0m
  Rendered crawling_products/index.html.erb within layouts/application (10.0ms)
Completed 200 OK in 34ms (Views: 29.4ms | ActiveRecord: 0.9ms)


  [1m[35m (2.3ms)[0m  [1m[35mCREATE TABLE "schema_migrations" ("version" varchar NOT NULL PRIMARY KEY)[0m
  [1m[35m (1.2ms)[0m  [1m[35mCREATE TABLE "ar_internal_metadata" ("key" varchar NOT NULL PRIMARY KEY, "value" varchar, "created_at" datetime NOT NULL, "updated_at" datetime NOT NULL)[0m
  [1m[36mActiveRecord::SchemaMigration Load (0.1ms)[0m  [1m[34mSELECT "schema_migrations".* FROM "schema_migrations"[0m
Migrating to CreateCrawlingProducts (20170423074119)
  [1m[35m (0.0ms)[0m  [1m[36mbegin transaction[0m
  [1m[35m (0.3ms)[0m  [1m[35mCREATE TABLE "crawling_products" ("id" INTEGER PRIMARY KEY AUTOINCREMENT NOT NULL, "product_url" varchar, "product_name" varchar, "image_url" varchar, "cost" varchar, "product_info" varchar, "created_at" datetime NOT NULL, "updated_at" datetime NOT NULL)[0m
  [1m[35m (0.6ms)[0m  [1m[34mselect sqlite_version(*)[0m
  [1m[35m (0.2ms)[0m  [1m[35mCREATE UNIQUE INDEX "index_crawling_products_on_product_url" ON "crawling_products" ("product_url")[0m
  [1m[35mSQL (0.2ms)[0m  [1m[32mINSERT INTO "schema_migrations" ("version") VALUES (?)[0m  [["version", "20170423074119"]]
  [1m[35m (0.8ms)[0m  [1m[36mcommit transaction[0m
  [1m[36mActiveRecord::InternalMetadata Load (0.1ms)[0m  [1m[34mSELECT  "ar_internal_metadata".* FROM "ar_internal_metadata" WHERE "ar_internal_metadata"."key" = ? LIMIT ?[0m  [["key", :environment], ["LIMIT", 1]]
  [1m[35m (0.1ms)[0m  [1m[36mbegin transaction[0m
  [1m[35mSQL (0.3ms)[0m  [1m[32mINSERT INTO "ar_internal_metadata" ("key", "value", "created_at", "updated_at") VALUES (?, ?, ?, ?)[0m  [["key", "environment"], ["value", "development"], ["created_at", 2017-04-23 09:10:41 UTC], ["updated_at", 2017-04-23 09:10:41 UTC]]
  [1m[35m (0.7ms)[0m  [1m[36mcommit transaction[0m
  [1m[36mActiveRecord::SchemaMigration Load (0.1ms)[0m  [1m[34mSELECT "schema_migrations".* FROM "schema_migrations"[0m
  [1m[35m (0.1ms)[0m  [1m[34m            SELECT sql
            FROM sqlite_master
            WHERE name='index_crawling_products_on_product_url' AND type='index'
            UNION ALL
            SELECT sql
            FROM sqlite_temp_master
            WHERE name='index_crawling_products_on_product_url' AND type='index'
[0m
Started GET "/crawling_products" for 127.0.0.1 at 2017-04-23 18:10:46 +0900
  [1m[36mActiveRecord::SchemaMigration Load (0.1ms)[0m  [1m[34mSELECT "schema_migrations".* FROM "schema_migrations"[0m
Processing by CrawlingProductsController#index as HTML
  Rendering crawling_products/index.html.erb within layouts/application
  [1m[36mCrawlingProduct Load (0.1ms)[0m  [1m[34mSELECT "crawling_products".* FROM "crawling_products"[0m
  Rendered crawling_products/index.html.erb within layouts/application (2.7ms)
Completed 200 OK in 39ms (Views: 35.4ms | ActiveRecord: 0.3ms)


  [1m[35m (0.0ms)[0m  [1m[36mbegin transaction[0m
  [1m[35mSQL (0.9ms)[0m  [1m[32mINSERT INTO "crawling_products" ("product_url", "product_name", "image_url", "cost", "product_info", "created_at", "updated_at") VALUES (?, ?, ?, ?, ?, ?, ?)[0m  [["product_url", "http://pettopet.co.kr/shop/page_move.php?it_id=1482132331"], ["product_name", "아페토 도넛방석"], ["image_url", "http://pettopet.co.kr/data/item/1482132331/thumb-thumbitem_330x350.jpg"], ["cost", "26,250"], ["product_info", "누우면 떡실신 전설의 국민방석!"], ["created_at", 2017-04-23 09:10:51 UTC], ["updated_at", 2017-04-23 09:10:51 UTC]]
  [1m[35m (1.2ms)[0m  [1m[36mcommit transaction[0m
  [1m[35m (0.1ms)[0m  [1m[36mbegin transaction[0m
  [1m[35mSQL (0.3ms)[0m  [1m[32mINSERT INTO "crawling_products" ("product_url", "product_name", "image_url", "cost", "product_info", "created_at", "updated_at") VALUES (?, ?, ?, ?, ?, ?, ?)[0m  [["product_url", "http://pettopet.co.kr/shop/page_move.php?it_id=1481699159"], ["product_name", "데이스포 아이즈리뉴"], ["image_url", "http://pettopet.co.kr/data/item/1481699159/thumb-thumbitem_330x350.jpg"], ["cost", "16,500"], ["product_info", "이제 눈물은 그만! 눈물자국 영양제 베스트셀러"], ["created_at", 2017-04-23 09:10:51 UTC], ["updated_at", 2017-04-23 09:10:51 UTC]]
  [1m[35m (0.7ms)[0m  [1m[36mcommit transaction[0m
  [1m[35m (0.1ms)[0m  [1m[36mbegin transaction[0m
  [1m[35mSQL (0.4ms)[0m  [1m[32mINSERT INTO "crawling_products" ("product_url", "product_name", "image_url", "cost", "product_info", "created_at", "updated_at") VALUES (?, ?, ?, ?, ?, ?, ?)[0m  [["product_url", "http://pettopet.co.kr/shop/page_move.php?it_id=1482132331"], ["product_name", "아페토 도넛방석"], ["image_url", "http://pettopet.co.kr/data/item/1482132331/thumb-thumbitem_330x350.jpg"], ["cost", "26,250"], ["product_info", "누우면 떡실신 전설의 국민방석!"], ["created_at", 2017-04-23 09:10:53 UTC], ["updated_at", 2017-04-23 09:10:53 UTC]]
  [1m[35m (0.1ms)[0m  [1m[31mrollback transaction[0m
Started GET "/crawling_products" for 127.0.0.1 at 2017-04-23 18:11:35 +0900
Processing by CrawlingProductsController#index as HTML
  Rendering crawling_products/index.html.erb within layouts/application
  [1m[36mCrawlingProduct Load (0.2ms)[0m  [1m[34mSELECT "crawling_products".* FROM "crawling_products"[0m
  Rendered crawling_products/index.html.erb within layouts/application (9.3ms)
Completed 200 OK in 38ms (Views: 32.5ms | ActiveRecord: 1.0ms)


Started DELETE "/crawling_products/2" for 127.0.0.1 at 2017-04-23 18:11:44 +0900
Processing by CrawlingProductsController#destroy as HTML
  Parameters: {"authenticity_token"=>"U2wDyEA5O2Z71OllAOs8x7LN+PD0/fK72+CClkxwbfa91uyR3JVjGqol/iMk/pc0E7hjN7y2Tg6BANZG0BbMyQ==", "id"=>"2"}
  [1m[36mCrawlingProduct Load (0.5ms)[0m  [1m[34mSELECT  "crawling_products".* FROM "crawling_products" WHERE "crawling_products"."id" = ? LIMIT ?[0m  [["id", 2], ["LIMIT", 1]]
  [1m[35m (0.0ms)[0m  [1m[36mbegin transaction[0m
  [1m[35mSQL (0.4ms)[0m  [1m[31mDELETE FROM "crawling_products" WHERE "crawling_products"."id" = ?[0m  [["id", 2]]
  [1m[35m (0.7ms)[0m  [1m[36mcommit transaction[0m
Redirected to http://localhost:3000/crawling_products
Completed 302 Found in 4ms (ActiveRecord: 1.6ms)


Started GET "/crawling_products" for 127.0.0.1 at 2017-04-23 18:11:44 +0900
Processing by CrawlingProductsController#index as HTML
  Rendering crawling_products/index.html.erb within layouts/application
  [1m[36mCrawlingProduct Load (0.2ms)[0m  [1m[34mSELECT "crawling_products".* FROM "crawling_products"[0m
  Rendered crawling_products/index.html.erb within layouts/application (2.6ms)
Completed 200 OK in 31ms (Views: 29.2ms | ActiveRecord: 0.2ms)


Started GET "/crawling_products" for 127.0.0.1 at 2017-04-23 18:11:47 +0900
Processing by CrawlingProductsController#index as HTML
  Rendering crawling_products/index.html.erb within layouts/application
  [1m[36mCrawlingProduct Load (0.1ms)[0m  [1m[34mSELECT "crawling_products".* FROM "crawling_products"[0m
  Rendered crawling_products/index.html.erb within layouts/application (1.9ms)
Completed 200 OK in 25ms (Views: 23.0ms | ActiveRecord: 0.1ms)


  [1m[35m (0.1ms)[0m  [1m[36mbegin transaction[0m
  [1m[35mSQL (0.6ms)[0m  [1m[32mINSERT INTO "crawling_products" ("product_url", "product_name", "image_url", "cost", "product_info", "created_at", "updated_at") VALUES (?, ?, ?, ?, ?, ?, ?)[0m  [["product_url", "http://pettopet.co.kr/shop/page_move.php?it_id=1482132331"], ["product_name", "아페토 도넛방석"], ["image_url", "http://pettopet.co.kr/data/item/1482132331/thumb-thumbitem_330x350.jpg"], ["cost", "26,250"], ["product_info", "누우면 떡실신 전설의 국민방석!"], ["created_at", 2017-04-23 09:11:50 UTC], ["updated_at", 2017-04-23 09:11:50 UTC]]
  [1m[35m (0.1ms)[0m  [1m[31mrollback transaction[0m
Started GET "/crawling_products" for 127.0.0.1 at 2017-04-23 18:11:52 +0900
Processing by CrawlingProductsController#index as HTML
  Rendering crawling_products/index.html.erb within layouts/application
  [1m[36mCrawlingProduct Load (0.2ms)[0m  [1m[34mSELECT "crawling_products".* FROM "crawling_products"[0m
  Rendered crawling_products/index.html.erb within layouts/application (7.7ms)
Completed 200 OK in 40ms (Views: 35.5ms | ActiveRecord: 0.7ms)


  [1m[35m (0.0ms)[0m  [1m[36mbegin transaction[0m
  [1m[35mSQL (0.4ms)[0m  [1m[32mINSERT INTO "crawling_products" ("product_url", "product_name", "image_url", "cost", "product_info", "created_at", "updated_at") VALUES (?, ?, ?, ?, ?, ?, ?)[0m  [["product_url", "http://pettopet.co.kr/shop/page_move.php?it_id=1482132331"], ["product_name", "아페토 도넛방석"], ["image_url", "http://pettopet.co.kr/data/item/1482132331/thumb-thumbitem_330x350.jpg"], ["cost", "26,250"], ["product_info", "누우면 떡실신 전설의 국민방석!"], ["created_at", 2017-04-23 09:12:36 UTC], ["updated_at", 2017-04-23 09:12:36 UTC]]
  [1m[35m (0.0ms)[0m  [1m[31mrollback transaction[0m
  [1m[35m (0.1ms)[0m  [1m[36mbegin transaction[0m
  [1m[35mSQL (0.4ms)[0m  [1m[32mINSERT INTO "crawling_products" ("product_url", "product_name", "image_url", "cost", "product_info", "created_at", "updated_at") VALUES (?, ?, ?, ?, ?, ?, ?)[0m  [["product_url", "http://pettopet.co.kr/shop/page_move.php?it_id=1481699159"], ["product_name", "데이스포 아이즈리뉴"], ["image_url", "http://pettopet.co.kr/data/item/1481699159/thumb-thumbitem_330x350.jpg"], ["cost", "16,500"], ["product_info", "이제 눈물은 그만! 눈물자국 영양제 베스트셀러"], ["created_at", 2017-04-23 09:12:36 UTC], ["updated_at", 2017-04-23 09:12:36 UTC]]
  [1m[35m (1.6ms)[0m  [1m[36mcommit transaction[0m
Started GET "/crawling_products" for 127.0.0.1 at 2017-04-23 18:12:39 +0900
Processing by CrawlingProductsController#index as HTML
  Rendering crawling_products/index.html.erb within layouts/application
  [1m[36mCrawlingProduct Load (0.2ms)[0m  [1m[34mSELECT "crawling_products".* FROM "crawling_products"[0m
  Rendered crawling_products/index.html.erb within layouts/application (10.4ms)
Completed 200 OK in 33ms (Views: 28.5ms | ActiveRecord: 0.7ms)


Started GET "/crawling_products" for 127.0.0.1 at 2017-04-23 18:16:19 +0900
Processing by CrawlingProductsController#index as HTML
  Rendering crawling_products/index.html.erb within layouts/application
  [1m[36mCrawlingProduct Load (0.2ms)[0m  [1m[34mSELECT "crawling_products".* FROM "crawling_products"[0m
  Rendered crawling_products/index.html.erb within layouts/application (7.7ms)
Completed 200 OK in 30ms (Views: 26.2ms | ActiveRecord: 0.6ms)


Started DELETE "/crawling_products/1" for 127.0.0.1 at 2017-04-23 18:16:23 +0900
Processing by CrawlingProductsController#destroy as HTML
  Parameters: {"authenticity_token"=>"JLowBR49YleMynkmqS7Ee4iA9RhhxjqhYjINooL6Qy7KAN9cgpE6K107bmCNO2+IKfVu3ymNhhQ40llyHpziEQ==", "id"=>"1"}
  [1m[36mCrawlingProduct Load (0.2ms)[0m  [1m[34mSELECT  "crawling_products".* FROM "crawling_products" WHERE "crawling_products"."id" = ? LIMIT ?[0m  [["id", 1], ["LIMIT", 1]]
  [1m[35m (0.0ms)[0m  [1m[36mbegin transaction[0m
  [1m[35mSQL (1.7ms)[0m  [1m[31mDELETE FROM "crawling_products" WHERE "crawling_products"."id" = ?[0m  [["id", 1]]
  [1m[35m (1.2ms)[0m  [1m[36mcommit transaction[0m
Redirected to http://localhost:3000/crawling_products
Completed 302 Found in 6ms (ActiveRecord: 3.1ms)


Started GET "/crawling_products" for 127.0.0.1 at 2017-04-23 18:16:23 +0900
Processing by CrawlingProductsController#index as HTML
  Rendering crawling_products/index.html.erb within layouts/application
  [1m[36mCrawlingProduct Load (0.1ms)[0m  [1m[34mSELECT "crawling_products".* FROM "crawling_products"[0m
  Rendered crawling_products/index.html.erb within layouts/application (1.7ms)
Completed 200 OK in 24ms (Views: 22.3ms | ActiveRecord: 0.1ms)


Started DELETE "/crawling_products/3" for 127.0.0.1 at 2017-04-23 18:16:27 +0900
Processing by CrawlingProductsController#destroy as HTML
  Parameters: {"authenticity_token"=>"PB1yJLupKrPAGPB95V6WaZ0eYx2+0PVV0HcM19ER8+3Sp519JwVyzxHp5zvBSz2aPGv42vabSeCKl1gHTXdS0g==", "id"=>"3"}
  [1m[36mCrawlingProduct Load (0.2ms)[0m  [1m[34mSELECT  "crawling_products".* FROM "crawling_products" WHERE "crawling_products"."id" = ? LIMIT ?[0m  [["id", 3], ["LIMIT", 1]]
  [1m[35m (0.1ms)[0m  [1m[36mbegin transaction[0m
  [1m[35mSQL (0.3ms)[0m  [1m[31mDELETE FROM "crawling_products" WHERE "crawling_products"."id" = ?[0m  [["id", 3]]
  [1m[35m (1.2ms)[0m  [1m[36mcommit transaction[0m
Redirected to http://localhost:3000/crawling_products
Completed 302 Found in 5ms (ActiveRecord: 1.7ms)


Started GET "/crawling_products" for 127.0.0.1 at 2017-04-23 18:16:27 +0900
Processing by CrawlingProductsController#index as HTML
  Rendering crawling_products/index.html.erb within layouts/application
  [1m[36mCrawlingProduct Load (0.1ms)[0m  [1m[34mSELECT "crawling_products".* FROM "crawling_products"[0m
  Rendered crawling_products/index.html.erb within layouts/application (1.2ms)
Completed 200 OK in 26ms (Views: 24.2ms | ActiveRecord: 0.1ms)


  [1m[35m (0.0ms)[0m  [1m[36mbegin transaction[0m
  [1m[35mSQL (0.5ms)[0m  [1m[32mINSERT INTO "crawling_products" ("product_url", "product_name", "image_url", "cost", "product_info", "created_at", "updated_at") VALUES (?, ?, ?, ?, ?, ?, ?)[0m  [["product_url", "http://pettopet.co.kr/shop/page_move.php?it_id=1482132331"], ["product_name", "아페토 도넛방석"], ["image_url", "http://pettopet.co.kr/data/item/1482132331/thumb-thumbitem_330x350.jpg"], ["cost", "26,250"], ["product_info", "누우면 떡실신 전설의 국민방석!"], ["created_at", 2017-04-23 09:16:31 UTC], ["updated_at", 2017-04-23 09:16:31 UTC]]
  [1m[35m (1.3ms)[0m  [1m[36mcommit transaction[0m
  [1m[35m (0.0ms)[0m  [1m[36mbegin transaction[0m
  [1m[35mSQL (0.3ms)[0m  [1m[32mINSERT INTO "crawling_products" ("product_url", "product_name", "image_url", "cost", "product_info", "created_at", "updated_at") VALUES (?, ?, ?, ?, ?, ?, ?)[0m  [["product_url", "http://pettopet.co.kr/shop/page_move.php?it_id=1481699159"], ["product_name", "데이스포 아이즈리뉴"], ["image_url", "http://pettopet.co.kr/data/item/1481699159/thumb-thumbitem_330x350.jpg"], ["cost", "16,500"], ["product_info", "이제 눈물은 그만! 눈물자국 영양제 베스트셀러"], ["created_at", 2017-04-23 09:16:31 UTC], ["updated_at", 2017-04-23 09:16:31 UTC]]
  [1m[35m (0.8ms)[0m  [1m[36mcommit transaction[0m
Started GET "/crawling_products" for 127.0.0.1 at 2017-04-23 18:16:34 +0900
Processing by CrawlingProductsController#index as HTML
  Rendering crawling_products/index.html.erb within layouts/application
  [1m[36mCrawlingProduct Load (0.2ms)[0m  [1m[34mSELECT "crawling_products".* FROM "crawling_products"[0m
  Rendered crawling_products/index.html.erb within layouts/application (1.8ms)
Completed 200 OK in 22ms (Views: 19.8ms | ActiveRecord: 0.2ms)


Started GET "/crawling_products" for 127.0.0.1 at 2017-05-02 11:02:47 +0900
  [1m[36mActiveRecord::SchemaMigration Load (0.4ms)[0m  [1m[34mSELECT "schema_migrations".* FROM "schema_migrations"[0m
Processing by CrawlingProductsController#index as HTML
  Rendering crawling_products/index.html.erb within layouts/application
  [1m[36mCrawlingProduct Load (0.5ms)[0m  [1m[34mSELECT "crawling_products".* FROM "crawling_products"[0m
  Rendered crawling_products/index.html.erb within layouts/application (15.9ms)
Completed 200 OK in 298ms (Views: 281.9ms | ActiveRecord: 1.0ms)


